<?xml version="1.0" encoding="UTF-8"?>
<!-- Generated by org.testng.reporters.JUnitReportReporter -->
<testsuite skipped="4" hostname="XDSFC2419" name="com.mp.qa.TestCases.HomePageTest" tests="5" failures="0" timestamp="2020-07-02T16:16:58 IST" time="7.205" errors="1">
  <testcase name="ProfileIconTest" time="0.000" classname="com.mp.qa.TestCases.HomePageTest">
    <skipped/>
  </testcase> <!-- ProfileIconTest -->
  <system-out/>
  <testcase name="SearchTest" time="0.000" classname="com.mp.qa.TestCases.HomePageTest">
    <skipped/>
  </testcase> <!-- SearchTest -->
  <system-out/>
  <testcase name="setUp" time="7.205" classname="com.mp.qa.TestCases.HomePageTest">
    <error type="org.openqa.selenium.SessionNotCreatedException" message="session not created: This version of ChromeDriver only supports Chrome version 80
Build info: version: &#039;3.141.59&#039;, revision: &#039;e82be7d358&#039;, time: &#039;2018-11-14T08:25:48&#039;
System info: host: &#039;XDSFC2419&#039;, ip: &#039;10.121.70.30&#039;, os.name: &#039;Windows 10&#039;, os.arch: &#039;amd64&#039;, os.version: &#039;10.0&#039;, java.version: &#039;1.8.0_171&#039;
Driver info: driver.version: ChromeDriver
remote stacktrace: Backtrace:
	Ordinal0 [0x00E50AE3+1706723]
	Ordinal0 [0x00DB68C1+1075393]
	Ordinal0 [0x00D2DFA9+516009]
	Ordinal0 [0x00CC0554+66900]
	Ordinal0 [0x00CBCCE2+52450]
	Ordinal0 [0x00CDBFD7+180183]
	Ordinal0 [0x00CDBDDD+179677]
	Ordinal0 [0x00CD9D4B+171339]
	Ordinal0 [0x00CC1D4A+73034]
	Ordinal0 [0x00CC2DC0+77248]
	Ordinal0 [0x00CC2D59+77145]
	Ordinal0 [0x00DCBB37+1162039]
	GetHandleVerifier [0x00EEA7C6+508998]
	GetHandleVerifier [0x00EEA504+508292]
	GetHandleVerifier [0x00EFF617+594583]
	GetHandleVerifier [0x00EEB036+511158]
	Ordinal0 [0x00DC3FFC+1130492]
	Ordinal0 [0x00DCD49B+1168539]
	Ordinal0 [0x00DCD603+1168899]
	Ordinal0 [0x00DE5B05+1268485]
	BaseThreadInitThunk [0x746F8674+36]
	RtlGetAppContainerNamedObjectPath [0x77675EC7+311]
	RtlGetAppContainerNamedObjectPath [0x77675E97+263]
">
      <![CDATA[org.openqa.selenium.SessionNotCreatedException: session not created: This version of ChromeDriver only supports Chrome version 80
Build info: version: '3.141.59', revision: 'e82be7d358', time: '2018-11-14T08:25:48'
System info: host: 'XDSFC2419', ip: '10.121.70.30', os.name: 'Windows 10', os.arch: 'amd64', os.version: '10.0', java.version: '1.8.0_171'
Driver info: driver.version: ChromeDriver
remote stacktrace: Backtrace:
Ordinal0 [0x00E50AE3+1706723]
Ordinal0 [0x00DB68C1+1075393]
Ordinal0 [0x00D2DFA9+516009]
Ordinal0 [0x00CC0554+66900]
Ordinal0 [0x00CBCCE2+52450]
Ordinal0 [0x00CDBFD7+180183]
Ordinal0 [0x00CDBDDD+179677]
Ordinal0 [0x00CD9D4B+171339]
Ordinal0 [0x00CC1D4A+73034]
Ordinal0 [0x00CC2DC0+77248]
Ordinal0 [0x00CC2D59+77145]
Ordinal0 [0x00DCBB37+1162039]
GetHandleVerifier [0x00EEA7C6+508998]
GetHandleVerifier [0x00EEA504+508292]
GetHandleVerifier [0x00EFF617+594583]
GetHandleVerifier [0x00EEB036+511158]
Ordinal0 [0x00DC3FFC+1130492]
Ordinal0 [0x00DCD49B+1168539]
Ordinal0 [0x00DCD603+1168899]
Ordinal0 [0x00DE5B05+1268485]
BaseThreadInitThunk [0x746F8674+36]
RtlGetAppContainerNamedObjectPath [0x77675EC7+311]
RtlGetAppContainerNamedObjectPath [0x77675E97+263]

at sun.reflect.NativeConstructorAccessorImpl.newInstance0(Native Method)
at sun.reflect.NativeConstructorAccessorImpl.newInstance(Unknown Source)
at sun.reflect.DelegatingConstructorAccessorImpl.newInstance(Unknown Source)
at java.lang.reflect.Constructor.newInstance(Unknown Source)
at org.openqa.selenium.remote.W3CHandshakeResponse.lambda$errorHandler$0(W3CHandshakeResponse.java:62)
at org.openqa.selenium.remote.HandshakeResponse.lambda$getResponseFunction$0(HandshakeResponse.java:30)
at org.openqa.selenium.remote.ProtocolHandshake.lambda$createSession$0(ProtocolHandshake.java:126)
at java.util.stream.ReferencePipeline$3$1.accept(Unknown Source)
at java.util.Spliterators$ArraySpliterator.tryAdvance(Unknown Source)
at java.util.stream.ReferencePipeline.forEachWithCancel(Unknown Source)
at java.util.stream.AbstractPipeline.copyIntoWithCancel(Unknown Source)
at java.util.stream.AbstractPipeline.copyInto(Unknown Source)
at java.util.stream.AbstractPipeline.wrapAndCopyInto(Unknown Source)
at java.util.stream.FindOps$FindOp.evaluateSequential(Unknown Source)
at java.util.stream.AbstractPipeline.evaluate(Unknown Source)
at java.util.stream.ReferencePipeline.findFirst(Unknown Source)
at org.openqa.selenium.remote.ProtocolHandshake.createSession(ProtocolHandshake.java:128)
at org.openqa.selenium.remote.ProtocolHandshake.createSession(ProtocolHandshake.java:74)
at org.openqa.selenium.remote.HttpCommandExecutor.execute(HttpCommandExecutor.java:136)
at org.openqa.selenium.remote.service.DriverCommandExecutor.execute(DriverCommandExecutor.java:83)
at org.openqa.selenium.remote.RemoteWebDriver.execute(RemoteWebDriver.java:552)
at org.openqa.selenium.remote.RemoteWebDriver.startSession(RemoteWebDriver.java:213)
at org.openqa.selenium.remote.RemoteWebDriver.<init>(RemoteWebDriver.java:131)
at org.openqa.selenium.chrome.ChromeDriver.<init>(ChromeDriver.java:181)
at org.openqa.selenium.chrome.ChromeDriver.<init>(ChromeDriver.java:168)
at org.openqa.selenium.chrome.ChromeDriver.<init>(ChromeDriver.java:123)
at com.mp.qa.base.mp_base.initialization(mp_base.java:56)
at com.mp.qa.TestCases.HomePageTest.setUp(HomePageTest.java:31)
at sun.reflect.NativeMethodAccessorImpl.invoke0(Native Method)
at sun.reflect.NativeMethodAccessorImpl.invoke(Unknown Source)
at sun.reflect.DelegatingMethodAccessorImpl.invoke(Unknown Source)
at java.lang.reflect.Method.invoke(Unknown Source)
at org.testng.internal.MethodInvocationHelper.invokeMethod(MethodInvocationHelper.java:134)
at org.testng.internal.MethodInvocationHelper.invokeMethodConsideringTimeout(MethodInvocationHelper.java:63)
at org.testng.internal.ConfigInvoker.invokeConfigurationMethod(ConfigInvoker.java:348)
at org.testng.internal.ConfigInvoker.invokeConfigurations(ConfigInvoker.java:302)
at org.testng.internal.TestInvoker.runConfigMethods(TestInvoker.java:695)
at org.testng.internal.TestInvoker.invokeMethod(TestInvoker.java:523)
at org.testng.internal.TestInvoker.invokeTestMethod(TestInvoker.java:173)
at org.testng.internal.MethodRunner.runInSequence(MethodRunner.java:46)
at org.testng.internal.TestInvoker$MethodInvocationAgent.invoke(TestInvoker.java:816)
at org.testng.internal.TestInvoker.invokeTestMethods(TestInvoker.java:146)
at org.testng.internal.TestMethodWorker.invokeTestMethods(TestMethodWorker.java:146)
at org.testng.internal.TestMethodWorker.run(TestMethodWorker.java:128)
at java.util.ArrayList.forEach(Unknown Source)
at org.testng.TestRunner.privateRun(TestRunner.java:766)
at org.testng.TestRunner.run(TestRunner.java:587)
at org.testng.SuiteRunner.runTest(SuiteRunner.java:384)
at org.testng.SuiteRunner.runSequentially(SuiteRunner.java:378)
at org.testng.SuiteRunner.privateRun(SuiteRunner.java:337)
at org.testng.SuiteRunner.run(SuiteRunner.java:286)
at org.testng.SuiteRunnerWorker.runSuite(SuiteRunnerWorker.java:53)
at org.testng.SuiteRunnerWorker.run(SuiteRunnerWorker.java:96)
at org.testng.TestNG.runSuitesSequentially(TestNG.java:1187)
at org.testng.TestNG.runSuitesLocally(TestNG.java:1109)
at org.testng.TestNG.runSuites(TestNG.java:1039)
at org.testng.TestNG.run(TestNG.java:1007)
at org.testng.remote.AbstractRemoteTestNG.run(AbstractRemoteTestNG.java:115)
at org.testng.remote.RemoteTestNG.initAndRun(RemoteTestNG.java:251)
at org.testng.remote.RemoteTestNG.main(RemoteTestNG.java:77)
]]>
    </error>
  </testcase> <!-- setUp -->
  <system-out/>
  <testcase name="GoToActionALerts" time="0.000" classname="com.mp.qa.TestCases.HomePageTest">
    <skipped/>
  </testcase> <!-- GoToActionALerts -->
  <system-out/>
  <testcase name="HamburgerBtnTest" time="0.000" classname="com.mp.qa.TestCases.HomePageTest">
    <skipped/>
  </testcase> <!-- HamburgerBtnTest -->
  <system-out/>
</testsuite> <!-- com.mp.qa.TestCases.HomePageTest -->
